  
build_options.h(23,2): warning : #warning "Building for IoT Hub Application" [-Wcpp]
build_options.h(23,2): warning :  #warning "Building for IoT Hub Application"
build_options.h(23,2): warning :   ^~~~~~~
  In function 'AccelTimerEventHandler':
i2c.c(142,86): warning : conversion from 'int' to 'int16_t' {aka 'short int'} may change value [-Wconversion]
i2c.c(142,86): warning :    angular_rate_dps[0] = (lsm6dso_from_fs2000_to_mdps(data_raw_angular_rate.i16bit[0] - raw_angular_rate_calibration.i16bit[0])) / 1000.0;
i2c.c(142,86): warning :                                                       ~~~~~~~~~~~~~~~~~~~~~~~~~~~~~~~~^~~~~~~~~~~~~~~~~~~~~~~~~~~~~~~~~~~~~~~~
i2c.c(142,25): warning : conversion from 'double' to 'float' may change value [-Wfloat-conversion]
i2c.c(142,25): warning :    angular_rate_dps[0] = (lsm6dso_from_fs2000_to_mdps(data_raw_angular_rate.i16bit[0] - raw_angular_rate_calibration.i16bit[0])) / 1000.0;
i2c.c(142,25): warning :                          ^
i2c.c(143,86): warning : conversion from 'int' to 'int16_t' {aka 'short int'} may change value [-Wconversion]
i2c.c(143,86): warning :    angular_rate_dps[1] = (lsm6dso_from_fs2000_to_mdps(data_raw_angular_rate.i16bit[1] - raw_angular_rate_calibration.i16bit[1])) / 1000.0;
i2c.c(143,86): warning :                                                       ~~~~~~~~~~~~~~~~~~~~~~~~~~~~~~~~^~~~~~~~~~~~~~~~~~~~~~~~~~~~~~~~~~~~~~~~
i2c.c(143,25): warning : conversion from 'double' to 'float' may change value [-Wfloat-conversion]
i2c.c(143,25): warning :    angular_rate_dps[1] = (lsm6dso_from_fs2000_to_mdps(data_raw_angular_rate.i16bit[1] - raw_angular_rate_calibration.i16bit[1])) / 1000.0;
i2c.c(143,25): warning :                          ^
i2c.c(144,86): warning : conversion from 'int' to 'int16_t' {aka 'short int'} may change value [-Wconversion]
i2c.c(144,86): warning :    angular_rate_dps[2] = (lsm6dso_from_fs2000_to_mdps(data_raw_angular_rate.i16bit[2] - raw_angular_rate_calibration.i16bit[2])) / 1000.0;
i2c.c(144,86): warning :                                                       ~~~~~~~~~~~~~~~~~~~~~~~~~~~~~~~~^~~~~~~~~~~~~~~~~~~~~~~~~~~~~~~~~~~~~~~~
i2c.c(144,25): warning : conversion from 'double' to 'float' may change value [-Wfloat-conversion]
i2c.c(144,25): warning :    angular_rate_dps[2] = (lsm6dso_from_fs2000_to_mdps(data_raw_angular_rate.i16bit[2] - raw_angular_rate_calibration.i16bit[2])) / 1000.0;
i2c.c(144,25): warning :                          ^
i2c.c(177,60): warning : conversion to 'uint32_t' {aka 'unsigned int'} from 'int32_t' {aka 'int'} may change the sign of the result [-Wsign-conversion]
i2c.c(177,60): warning :     pressure_hPa = lps22hh_from_lsb_to_hpa(data_raw_pressure.i32bit);
i2c.c(177,60): warning :                                            ~~~~~~~~~~~~~~~~~^~~~~~~
  In function 'initI2c':
i2c.c(335,9): warning : unused variable 'lps22hhDetected' [-Wunused-variable]
i2c.c(335,9): warning :     bool lps22hhDetected = false;
i2c.c(335,9): warning :          ^~~~~~~~~~~~~~~
i2c.c(371,86): warning : conversion from 'int' to 'int16_t' {aka 'short int'} may change value [-Wconversion]
i2c.c(371,86): warning :     angular_rate_dps[0] = lsm6dso_from_fs2000_to_mdps(data_raw_angular_rate.i16bit[0] - raw_angular_rate_calibration.i16bit[0]);
i2c.c(371,86): warning :                                                       ~~~~~~~~~~~~~~~~~~~~~~~~~~~~~~~~^~~~~~~~~~~~~~~~~~~~~~~~~~~~~~~~~~~~~~~~
i2c.c(372,86): warning : conversion from 'int' to 'int16_t' {aka 'short int'} may change value [-Wconversion]
i2c.c(372,86): warning :     angular_rate_dps[1] = lsm6dso_from_fs2000_to_mdps(data_raw_angular_rate.i16bit[1] - raw_angular_rate_calibration.i16bit[1]);
i2c.c(372,86): warning :                                                       ~~~~~~~~~~~~~~~~~~~~~~~~~~~~~~~~^~~~~~~~~~~~~~~~~~~~~~~~~~~~~~~~~~~~~~~~
i2c.c(373,86): warning : conversion from 'int' to 'int16_t' {aka 'short int'} may change value [-Wconversion]
i2c.c(373,86): warning :     angular_rate_dps[2] = lsm6dso_from_fs2000_to_mdps(data_raw_angular_rate.i16bit[2] - raw_angular_rate_calibration.i16bit[2]);
i2c.c(373,86): warning :                                                       ~~~~~~~~~~~~~~~~~~~~~~~~~~~~~~~~^~~~~~~~~~~~~~~~~~~~~~~~~~~~~~~~~~~~~~~~
i2c.c(377,31): warning : suggest parentheses around comparison in operand of '==' [-Wparentheses]
i2c.c(377,31): warning :   } while (angular_rate_dps[0] == angular_rate_dps[1] == angular_rate_dps[2] == 0.0);
i2c.c(377,31): warning :            ~~~~~~~~~~~~~~~~~~~~^~~~~~~~~~~~~~~~~~~~~~
i2c.c(377,54): warning : suggest parentheses around comparison in operand of '==' [-Wparentheses]
i2c.c(377,54): warning :   } while (angular_rate_dps[0] == angular_rate_dps[1] == angular_rate_dps[2] == 0.0);
i2c.c(377,54): warning :            ~~~~~~~~~~~~~~~~~~~~~~~~~~~~~~~~~~~~~~~~~~~^~~~~~~~~~~~~~~~~~~~~~
  In function 'lsm6dso_read_lps22hh_cx':
i2c.c(585,28): warning : conversion from 'int' to 'uint8_t' {aka 'unsigned char'} may change value [-Wconversion]
i2c.c(585,28): warning :    sh_cfg_read.slv_subadd = reg+i;
i2c.c(585,28): warning :                             ^~~
i2c.c(620,42): warning : passing argument 2 of 'lsm6dso_sh_read_data_raw_get' from incompatible pointer type [-Wincompatible-pointer-types]
i2c.c(620,42): warning :    lsm6dso_sh_read_data_raw_get(&dev_ctx, buffer);
i2c.c(620,42): warning :                                           ^~~~~~
  
  In function 'lsm6dso_xl_full_scale_set':
lsm6dso_reg.c(186,17): warning : conversion from 'unsigned char' to 'unsigned char:2' may change value [-Wconversion]
lsm6dso_reg.c(186,17): warning :      reg.fs_xl = (uint8_t) val;
lsm6dso_reg.c(186,17): warning :                  ^
  In function 'lsm6dso_xl_data_rate_set':
lsm6dso_reg.c(240,18): warning : conversion from 'unsigned char' to 'unsigned char:4' may change value [-Wconversion]
lsm6dso_reg.c(240,18): warning :      reg.odr_xl = (uint8_t) val;
lsm6dso_reg.c(240,18): warning :                   ^
  In function 'lsm6dso_gy_full_scale_set':
lsm6dso_reg.c(318,16): warning : conversion from 'unsigned char' to 'unsigned char:3' may change value [-Wconversion]
lsm6dso_reg.c(318,16): warning :      reg.fs_g = (uint8_t) val;
lsm6dso_reg.c(318,16): warning :                 ^
  In function 'lsm6dso_gy_data_rate_set':
lsm6dso_reg.c(376,17): warning : conversion from 'unsigned char' to 'unsigned char:4' may change value [-Wconversion]
lsm6dso_reg.c(376,17): warning :      reg.odr_g = (uint8_t) val;
lsm6dso_reg.c(376,17): warning :                  ^
  In function 'lsm6dso_block_data_update_set':
lsm6dso_reg.c(451,15): warning : conversion from 'uint8_t' {aka 'unsigned char'} to 'unsigned char:1' may change value [-Wconversion]
lsm6dso_reg.c(451,15): warning :      reg.bdu = val;
lsm6dso_reg.c(451,15): warning :                ^~~
  In function 'lsm6dso_xl_offset_weight_set':
lsm6dso_reg.c(491,21): warning : conversion from 'unsigned char' to 'unsigned char:1' may change value [-Wconversion]
lsm6dso_reg.c(491,21): warning :      reg.usr_off_w = (uint8_t)val;
lsm6dso_reg.c(491,21): warning :                      ^
  In function 'lsm6dso_gy_power_mode_set':
lsm6dso_reg.c(607,21): warning : conversion from 'unsigned char' to 'unsigned char:1' may change value [-Wconversion]
lsm6dso_reg.c(607,21): warning :      reg.g_hm_mode = (uint8_t)val;
lsm6dso_reg.c(607,21): warning :                      ^
  In function 'lsm6dso_xl_usr_offset_set':
lsm6dso_reg.c(873,26): warning : conversion from 'uint8_t' {aka 'unsigned char'} to 'unsigned char:1' may change value [-Wconversion]
lsm6dso_reg.c(873,26): warning :      reg.usr_off_on_out = val;
lsm6dso_reg.c(873,26): warning :                           ^~~
  In function 'lsm6dso_timestamp_set':
lsm6dso_reg.c(924,24): warning : conversion from 'uint8_t' {aka 'unsigned char'} to 'unsigned char:1' may change value [-Wconversion]
lsm6dso_reg.c(924,24): warning :      reg.timestamp_en = val;
lsm6dso_reg.c(924,24): warning :                         ^~~
  In function 'lsm6dso_rounding_mode_set':
lsm6dso_reg.c(992,20): warning : conversion from 'unsigned char' to 'unsigned char:2' may change value [-Wconversion]
lsm6dso_reg.c(992,20): warning :      reg.rounding = (uint8_t)val;
lsm6dso_reg.c(992,20): warning :                     ^
  In function 'lsm6dso_mem_bank_set':
lsm6dso_reg.c(1211,22): warning : conversion from 'unsigned char' to 'unsigned char:2' may change value [-Wconversion]
lsm6dso_reg.c(1211,22): warning :      reg.reg_access = (uint8_t)val;
lsm6dso_reg.c(1211,22): warning :                       ^
  In function 'lsm6dso_ln_pg_write':
lsm6dso_reg.c(1340,25): warning : conversion from 'uint8_t' {aka 'unsigned char'} to 'unsigned char:4' may change value [-Wconversion]
lsm6dso_reg.c(1340,25): warning :      page_sel.page_sel = msb;
lsm6dso_reg.c(1340,25): warning :                          ^~~
lsm6dso_reg.c(1362,31): warning : conversion from 'uint8_t' {aka 'unsigned char'} to 'unsigned char:4' may change value [-Wconversion]
lsm6dso_reg.c(1362,31): warning :            page_sel.page_sel = msb;
lsm6dso_reg.c(1362,31): warning :                                ^~~
  In function 'lsm6dso_data_ready_mode_set':
lsm6dso_reg.c(1463,28): warning : conversion from 'unsigned char' to 'unsigned char:1' may change value [-Wconversion]
lsm6dso_reg.c(1463,28): warning :      reg.dataready_pulsed = (uint8_t)val;
lsm6dso_reg.c(1463,28): warning :                             ^
  In function 'lsm6dso_reset_set':
lsm6dso_reg.c(1528,20): warning : conversion from 'uint8_t' {aka 'unsigned char'} to 'unsigned char:1' may change value [-Wconversion]
lsm6dso_reg.c(1528,20): warning :      reg.sw_reset = val;
lsm6dso_reg.c(1528,20): warning :                     ^~~
  In function 'lsm6dso_auto_increment_set':
lsm6dso_reg.c(1568,18): warning : conversion from 'uint8_t' {aka 'unsigned char'} to 'unsigned char:1' may change value [-Wconversion]
lsm6dso_reg.c(1568,18): warning :      reg.if_inc = val;
lsm6dso_reg.c(1568,18): warning :                   ^~~
  In function 'lsm6dso_boot_set':
lsm6dso_reg.c(1607,16): warning : conversion from 'uint8_t' {aka 'unsigned char'} to 'unsigned char:1' may change value [-Wconversion]
lsm6dso_reg.c(1607,16): warning :      reg.boot = val;
lsm6dso_reg.c(1607,16): warning :                 ^~~
  In function 'lsm6dso_xl_self_test_set':
lsm6dso_reg.c(1645,17): warning : conversion from 'unsigned char' to 'unsigned char:2' may change value [-Wconversion]
lsm6dso_reg.c(1645,17): warning :      reg.st_xl = (uint8_t)val;
lsm6dso_reg.c(1645,17): warning :                  ^
  In function 'lsm6dso_gy_self_test_set':
lsm6dso_reg.c(1695,16): warning : conversion from 'unsigned char' to 'unsigned char:2' may change value [-Wconversion]
lsm6dso_reg.c(1695,16): warning :      reg.st_g = (uint8_t)val;
lsm6dso_reg.c(1695,16): warning :                 ^
  In function 'lsm6dso_xl_filter_lp2_set':
lsm6dso_reg.h(2608,61): message : expected 'lsm6dso_emb_sh_read_t *' {aka 'struct <anonymous> *'} but argument is of type 'uint8_t *' {aka 'unsigned char *'}
lsm6dso_reg.h(2608,61): message :                                       lsm6dso_emb_sh_read_t *val);
lsm6dso_reg.h(2608,61): message :                                       ~~~~~~~~~~~~~~~~~~~~~~~^~~
lsm6dso_reg.c(1758,22): warning : conversion from 'uint8_t' {aka 'unsigned char'} to 'unsigned char:1' may change value [-Wconversion]
lsm6dso_reg.c(1758,22): warning :      reg.lpf2_xl_en = val;
lsm6dso_reg.c(1758,22): warning :                       ^~~
  In function 'lsm6dso_gy_filter_lp1_set':
lsm6dso_reg.c(1798,22): warning : conversion from 'uint8_t' {aka 'unsigned char'} to 'unsigned char:1' may change value [-Wconversion]
lsm6dso_reg.c(1798,22): warning :      reg.lpf1_sel_g = val;
lsm6dso_reg.c(1798,22): warning :                       ^~~
  In function 'lsm6dso_filter_settling_mask_set':
lsm6dso_reg.c(1839,21): warning : conversion from 'uint8_t' {aka 'unsigned char'} to 'unsigned char:1' may change value [-Wconversion]
lsm6dso_reg.c(1839,21): warning :      reg.drdy_mask = val;
lsm6dso_reg.c(1839,21): warning :                      ^~~
  In function 'lsm6dso_gy_lp1_bandwidth_set':
lsm6dso_reg.c(1878,17): warning : conversion from 'unsigned char' to 'unsigned char:3' may change value [-Wconversion]
lsm6dso_reg.c(1878,17): warning :      reg.ftype = (uint8_t)val;
lsm6dso_reg.c(1878,17): warning :                  ^
  In function 'lsm6dso_xl_lp2_on_6d_set':
lsm6dso_reg.c(1943,26): warning : conversion from 'uint8_t' {aka 'unsigned char'} to 'unsigned char:1' may change value [-Wconversion]
lsm6dso_reg.c(1943,26): warning :      reg.low_pass_on_6d = val;
lsm6dso_reg.c(1943,26): warning :                           ^~~
  In function 'lsm6dso_xl_fast_settling_set':
lsm6dso_reg.c(2104,29): warning : conversion from 'uint8_t' {aka 'unsigned char'} to 'unsigned char:1' may change value [-Wconversion]
lsm6dso_reg.c(2104,29): warning :      reg.fastsettl_mode_xl = val;
lsm6dso_reg.c(2104,29): warning :                              ^~~
  In function 'lsm6dso_xl_hp_path_internal_set':
lsm6dso_reg.c(2146,21): warning : conversion from 'unsigned char' to 'unsigned char:1' may change value [-Wconversion]
lsm6dso_reg.c(2146,21): warning :      reg.slope_fds = (uint8_t)val;
lsm6dso_reg.c(2146,21): warning :                      ^
  In function 'lsm6dso_gy_hp_path_internal_set':
lsm6dso_reg.c(2198,19): warning : conversion from 'unsigned int' to 'unsigned char:1' may change value [-Wconversion]
lsm6dso_reg.c(2198,19): warning :      reg.hp_en_g = ((uint8_t)val & 0x80U) >> 7;
lsm6dso_reg.c(2198,19): warning :                    ^
  In function 'lsm6dso_aux_sdo_ocs_mode_set':
lsm6dso_reg.c(2274,22): warning : conversion from 'unsigned char' to 'unsigned char:1' may change value [-Wconversion]
lsm6dso_reg.c(2274,22): warning :      reg.ois_pu_dis = (uint8_t)val;
lsm6dso_reg.c(2274,22): warning :                       ^
  In function 'lps22hh_autozero_rst_set':
  In function 'lsm6dso_aux_xl_fs_mode_set':
lps22hh_reg.c(141,20): warning : conversion from 'uint8_t' {aka 'unsigned char'} to 'unsigned char:1' may change value [-Wconversion]
lps22hh_reg.c(141,20): warning :      reg.reset_az = val;
lps22hh_reg.c(141,20): warning :                     ^~~
  In function 'lps22hh_autozero_set':
lps22hh_reg.c(181,20): warning : conversion from 'uint8_t' {aka 'unsigned char'} to 'unsigned char:1' may change value [-Wconversion]
lps22hh_reg.c(181,20): warning :      reg.autozero = val;
lps22hh_reg.c(181,20): warning :                     ^~~
  In function 'lps22hh_pressure_snap_rst_set':
lsm6dso_reg.c(2379,22): warning : conversion from 'unsigned char' to 'unsigned char:1' may change value [-Wconversion]
lsm6dso_reg.c(2379,22): warning :      reg.xl_fs_mode = (uint8_t)val;
lsm6dso_reg.c(2379,22): warning :                       ^
  In function 'lsm6dso_aux_xl_self_test_set':
lps22hh_reg.c(221,21): warning : conversion from 'uint8_t' {aka 'unsigned char'} to 'unsigned char:1' may change value [-Wconversion]
lps22hh_reg.c(221,21): warning :      reg.reset_arp = val;
lps22hh_reg.c(221,21): warning :                      ^~~
  In function 'lps22hh_pressure_snap_set':
lsm6dso_reg.c(2504,21): warning : conversion from 'unsigned char' to 'unsigned char:2' may change value [-Wconversion]
lsm6dso_reg.c(2504,21): warning :      reg.st_xl_ois = (uint8_t)val;
lsm6dso_reg.c(2504,21): warning :                      ^
lps22hh_reg.c(261,20): warning : conversion from 'uint8_t' {aka 'unsigned char'} to 'unsigned char:1' may change value [-Wconversion]
lps22hh_reg.c(261,20): warning :      reg.autorefp = val;
lps22hh_reg.c(261,20): warning :                     ^~~
  In function 'lps22hh_block_data_update_set':
lps22hh_reg.c(301,15): warning : conversion from 'uint8_t' {aka 'unsigned char'} to 'unsigned char:1' may change value [-Wconversion]
lps22hh_reg.c(301,15): warning :      reg.bdu = val;
lps22hh_reg.c(301,15): warning :                ^~~
  In function 'lps22hh_reset_set':
  In function 'lsm6dso_aux_den_polarity_set':
lps22hh_reg.c(691,19): warning : conversion from 'uint8_t' {aka 'unsigned char'} to 'unsigned char:1' may change value [-Wconversion]
lps22hh_reg.c(691,19): warning :      reg.swreset = val;
lps22hh_reg.c(691,19): warning :                    ^~~
  In function 'lps22hh_auto_increment_set':
lsm6dso_reg.c(2558,22): warning : conversion from 'unsigned char' to 'unsigned char:1' may change value [-Wconversion]
lsm6dso_reg.c(2558,22): warning :      reg.den_lh_ois = (uint8_t)val;
lsm6dso_reg.c(2558,22): warning :                       ^
  In function 'lsm6dso_aux_drdy_on_int2_set':
lps22hh_reg.c(734,22): warning : conversion from 'uint8_t' {aka 'unsigned char'} to 'unsigned char:1' may change value [-Wconversion]
lps22hh_reg.c(734,22): warning :      reg.if_add_inc = val;
lps22hh_reg.c(734,22): warning :                       ^~~
  In function 'lps22hh_boot_set':
lps22hh_reg.c(777,16): warning : conversion from 'uint8_t' {aka 'unsigned char'} to 'unsigned char:1' may change value [-Wconversion]
lps22hh_reg.c(777,16): warning :      reg.boot = val;
lps22hh_reg.c(777,16): warning :                 ^~~
  In function 'lps22hh_lp_bandwidth_set':
lsm6dso_reg.c(2669,25): warning : conversion from 'uint8_t' {aka 'unsigned char'} to 'unsigned char:1' may change value [-Wconversion]
lsm6dso_reg.c(2669,25): warning :      reg.int2_drdy_ois = val;
lsm6dso_reg.c(2669,25): warning :                          ^~~
  In function 'lsm6dso_aux_gy_full_scale_set':
lps22hh_reg.c(831,20): warning : conversion from 'unsigned char' to 'unsigned char:2' may change value [-Wconversion]
lps22hh_reg.c(831,20): warning :      reg.lpfp_cfg = (uint8_t)val;
lps22hh_reg.c(831,20): warning :                     ^
  In function 'lps22hh_i2c_interface_set':
lps22hh_reg.c(898,23): warning : conversion from 'unsigned char' to 'unsigned char:1' may change value [-Wconversion]
lps22hh_reg.c(898,23): warning :      reg.i2c_disable = (uint8_t)val;
lps22hh_reg.c(898,23): warning :                        ^
  In function 'lps22hh_sdo_sa0_mode_set':
lps22hh_reg.c(1005,21): warning : conversion from 'unsigned char' to 'unsigned char:1' may change value [-Wconversion]
lps22hh_reg.c(1005,21): warning :      reg.sdo_pu_en = (uint8_t)val;
lps22hh_reg.c(1005,21): warning :                      ^
  In function 'lps22hh_sda_mode_set':
lps22hh_reg.c(1055,21): warning : conversion from 'unsigned char' to 'unsigned char:1' may change value [-Wconversion]
lps22hh_reg.c(1055,21): warning :      reg.sda_pu_en = (uint8_t)val;
lps22hh_reg.c(1055,21): warning :                      ^
  In function 'lps22hh_spi_mode_set':
lps22hh_reg.c(1104,15): warning : conversion from 'unsigned char' to 'unsigned char:1' may change value [-Wconversion]
lps22hh_reg.c(1104,15): warning :      reg.sim = (uint8_t)val;
lps22hh_reg.c(1104,15): warning :                ^
  In function 'lps22hh_int_notification_set':
lsm6dso_reg.c(2772,20): warning : conversion from 'unsigned char' to 'unsigned char:3' may change value [-Wconversion]
lsm6dso_reg.c(2772,20): warning :      reg.fs_g_ois = (uint8_t)val;
lsm6dso_reg.c(2772,20): warning :                     ^
lps22hh_reg.c(1166,15): warning : conversion from 'unsigned char' to 'unsigned char:1' may change value [-Wconversion]
lps22hh_reg.c(1166,15): warning :      reg.lir = (uint8_t)val;
lps22hh_reg.c(1166,15): warning :                ^
  In function 'lsm6dso_aux_spi_mode_set':
  In function 'lps22hh_pin_mode_set':
lps22hh_reg.c(1216,17): warning : conversion from 'unsigned char' to 'unsigned char:1' may change value [-Wconversion]
lps22hh_reg.c(1216,17): warning :      reg.pp_od = (uint8_t)val;
lps22hh_reg.c(1216,17): warning :                  ^
lsm6dso_reg.c(2829,19): warning : conversion from 'unsigned char' to 'unsigned char:1' may change value [-Wconversion]
lsm6dso_reg.c(2829,19): warning :      reg.sim_ois = (uint8_t)val;
lsm6dso_reg.c(2829,19): warning :                    ^
  In function 'lps22hh_pin_polarity_set':
  In function 'lsm6dso_aux_gy_lp1_bandwidth_set':
lps22hh_reg.c(1269,19): warning : conversion from 'unsigned char' to 'unsigned char:1' may change value [-Wconversion]
lps22hh_reg.c(1269,19): warning :      reg.int_h_l = (uint8_t)val;
lps22hh_reg.c(1269,19): warning :                    ^
  In function 'lps22hh_int_on_threshold_set':
lsm6dso_reg.c(2878,21): warning : conversion from 'unsigned char' to 'unsigned char:2' may change value [-Wconversion]
lsm6dso_reg.c(2878,21): warning :      reg.ftype_ois = (uint8_t)val;
lsm6dso_reg.c(2878,21): warning :                      ^
  In function 'lsm6dso_aux_gy_clamp_set':
lps22hh_reg.c(1366,14): warning : conversion from 'unsigned char' to 'unsigned char:2' may change value [-Wconversion]
lps22hh_reg.c(1366,14): warning :      reg.pe = (uint8_t)val;
lps22hh_reg.c(1366,14): warning :               ^
  In function 'lps22hh_int_treshold_get':
lsm6dso_reg.c(2997,27): warning : conversion from 'unsigned char' to 'unsigned char:1' may change value [-Wconversion]
lsm6dso_reg.c(2997,27): warning :      reg.st_ois_clampdis = (uint8_t)val;
lsm6dso_reg.c(2997,27): warning :                            ^
  In function 'lsm6dso_aux_gy_self_test_set':
lps22hh_reg.c(1460,15): warning : conversion from 'int' to 'uint16_t' {aka 'short unsigned int'} may change value [-Wconversion]
lps22hh_reg.c(1460,15): warning :        *buff = (uint16_t)ths_p_h.ths << 8;
lps22hh_reg.c(1460,15): warning :                ^
lsm6dso_reg.c(3050,18): warning : conversion from 'unsigned char' to 'unsigned char:2' may change value [-Wconversion]
lsm6dso_reg.c(3050,18): warning :      reg.st_ois = (uint8_t)val;
lsm6dso_reg.c(3050,18): warning :                   ^
lps22hh_reg.c(1461,16): warning : conversion from 'int' to 'uint16_t' {aka 'short unsigned int'} may change value [-Wconversion]
lps22hh_reg.c(1461,16): warning :        *buff |= (uint16_t)ths_p_l.ths;
lps22hh_reg.c(1461,16): warning :                 ^
  In function 'lps22hh_fifo_mode_set':
  In function 'lsm6dso_aux_xl_bandwidth_set':
lps22hh_reg.c(1493,18): warning : conversion from 'unsigned char' to 'unsigned char:3' may change value [-Wconversion]
lps22hh_reg.c(1493,18): warning :      reg.f_mode = (uint8_t)val;
lps22hh_reg.c(1493,18): warning :                   ^
  In function 'lps22hh_fifo_stop_on_wtm_set':
lsm6dso_reg.c(3102,30): warning : conversion from 'unsigned char' to 'unsigned char:3' may change value [-Wconversion]
lsm6dso_reg.c(3102,30): warning :      reg.filter_xl_conf_ois = (uint8_t)val;
lsm6dso_reg.c(3102,30): warning :                               ^
  In function 'lsm6dso_aux_xl_full_scale_set':
lps22hh_reg.c(1560,23): warning : conversion from 'uint8_t' {aka 'unsigned char'} to 'unsigned char:1' may change value [-Wconversion]
lps22hh_reg.c(1560,23): warning :      reg.stop_on_wtm = val;
lps22hh_reg.c(1560,23): warning :                        ^~~
  In function 'lps22hh_fifo_watermark_set':
lps22hh_reg.c(1601,15): warning : conversion from 'uint8_t' {aka 'unsigned char'} to 'unsigned char:7' may change value [-Wconversion]
lps22hh_reg.c(1601,15): warning :      reg.wtm = val;
lps22hh_reg.c(1601,15): warning :                ^~~
lsm6dso_reg.c(3172,21): warning : conversion from 'unsigned char' to 'unsigned char:2' may change value [-Wconversion]
lsm6dso_reg.c(3172,21): warning :      reg.fs_xl_ois = (uint8_t)val;
lsm6dso_reg.c(3172,21): warning :                      ^
  In function 'lsm6dso_sdo_sa0_mode_set':
lsm6dso_reg.c(3240,21): warning : conversion from 'unsigned char' to 'unsigned char:1' may change value [-Wconversion]
lsm6dso_reg.c(3240,21): warning :      reg.sdo_pu_en = (uint8_t)val;
lsm6dso_reg.c(3240,21): warning :                      ^
  In function 'lsm6dso_spi_mode_set':
  In function 'lps22hh_fifo_ovr_on_int_set':
lps22hh_reg.c(1727,21): warning : conversion from 'uint8_t' {aka 'unsigned char'} to 'unsigned char:1' may change value [-Wconversion]
lps22hh_reg.c(1727,21): warning :      reg.int_f_ovr = val;
lps22hh_reg.c(1727,21): warning :                      ^~~
  In function 'lps22hh_fifo_threshold_on_int_set':
lps22hh_reg.c(1765,21): warning : conversion from 'uint8_t' {aka 'unsigned char'} to 'unsigned char:1' may change value [-Wconversion]
lps22hh_reg.c(1765,21): warning :      reg.int_f_wtm = val;
lps22hh_reg.c(1765,21): warning :                      ^~~
  In function 'lps22hh_fifo_full_on_int_set':
lsm6dso_reg.c(3287,15): warning : conversion from 'unsigned char' to 'unsigned char:1' may change value [-Wconversion]
lsm6dso_reg.c(3287,15): warning :      reg.sim = (uint8_t)val;
lsm6dso_reg.c(3287,15): warning :                ^
  In function 'lsm6dso_i2c_interface_set':
lsm6dso_reg.c(3336,23): warning : conversion from 'unsigned char' to 'unsigned char:1' may change value [-Wconversion]
lsm6dso_reg.c(3336,23): warning :      reg.i2c_disable = (uint8_t)val;
lsm6dso_reg.c(3336,23): warning :                        ^
  In function 'lsm6dso_i3c_disable_set':
lsm6dso_reg.c(3387,28): warning : conversion from 'unsigned int' to 'unsigned char:1' may change value [-Wconversion]
lsm6dso_reg.c(3387,28): warning :      ctrl9_xl.i3c_disable = ((uint8_t)val & 0x80U) >> 7;
lsm6dso_reg.c(3387,28): warning :                             ^
  In function 'lsm6dso_int1_mode_set':
lsm6dso_reg.c(3473,23): warning : conversion from 'unsigned char' to 'unsigned char:1' may change value [-Wconversion]
lsm6dso_reg.c(3473,23): warning :      reg.pd_dis_int1 = (uint8_t)val;
lsm6dso_reg.c(3473,23): warning :                        ^
  In function 'lsm6dso_pin_mode_set':
lsm6dso_reg.c(3821,17): warning : conversion from 'unsigned char' to 'unsigned char:1' may change value [-Wconversion]
lsm6dso_reg.c(3821,17): warning :      reg.pp_od = (uint8_t)val;
lsm6dso_reg.c(3821,17): warning :                  ^
  In function 'lsm6dso_pin_polarity_set':
lsm6dso_reg.c(3869,21): warning : conversion from 'unsigned char' to 'unsigned char:1' may change value [-Wconversion]
lsm6dso_reg.c(3869,21): warning :      reg.h_lactive = (uint8_t)val;
lsm6dso_reg.c(3869,21): warning :                      ^
  In function 'lsm6dso_all_on_int1_set':
lsm6dso_reg.c(3918,24): warning : conversion from 'uint8_t' {aka 'unsigned char'} to 'unsigned char:1' may change value [-Wconversion]
lsm6dso_reg.c(3918,24): warning :      reg.int2_on_int1 = val;
lsm6dso_reg.c(3918,24): warning :                         ^~~
  In function 'lsm6dso_wkup_ths_weight_set':
lsm6dso_reg.c(4066,22): warning : conversion from 'unsigned char' to 'unsigned char:1' may change value [-Wconversion]
lsm6dso_reg.c(4066,22): warning :      reg.wake_ths_w = (uint8_t)val;
lsm6dso_reg.c(4066,22): warning :                       ^
  In function 'lsm6dso_wkup_threshold_set':
lsm6dso_reg.c(4119,18): warning : conversion from 'uint8_t' {aka 'unsigned char'} to 'unsigned char:6' may change value [-Wconversion]
lsm6dso_reg.c(4119,18): warning :      reg.wk_ths = val;
lsm6dso_reg.c(4119,18): warning :                   ^~~
  In function 'lsm6dso_xl_usr_offset_on_wkup_set':
lsm6dso_reg.c(4159,25): warning : conversion from 'uint8_t' {aka 'unsigned char'} to 'unsigned char:1' may change value [-Wconversion]
lsm6dso_reg.c(4159,25): warning :      reg.usr_off_on_wu = val;
lsm6dso_reg.c(4159,25): warning :                          ^~~
  In function 'lsm6dso_wkup_dur_set':
lsm6dso_reg.c(4199,20): warning : conversion from 'uint8_t' {aka 'unsigned char'} to 'unsigned char:2' may change value [-Wconversion]
lsm6dso_reg.c(4199,20): warning :      reg.wake_dur = val;
lsm6dso_reg.c(4199,20): warning :                     ^~~
  In function 'lsm6dso_gy_sleep_mode_set':
lsm6dso_reg.c(4251,19): warning : conversion from 'uint8_t' {aka 'unsigned char'} to 'unsigned char:1' may change value [-Wconversion]
lsm6dso_reg.c(4251,19): warning :      reg.sleep_g = val;
lsm6dso_reg.c(4251,19): warning :                    ^~~
  In function 'lsm6dso_act_pin_notification_set':
lsm6dso_reg.c(4293,31): warning : conversion from 'unsigned char' to 'unsigned char:1' may change value [-Wconversion]
lsm6dso_reg.c(4293,31): warning :      reg.sleep_status_on_int = (uint8_t)val;
lsm6dso_reg.c(4293,31): warning :                                ^
  In function 'lsm6dso_act_mode_set':
lsm6dso_reg.c(4344,20): warning : conversion from 'unsigned char' to 'unsigned char:2' may change value [-Wconversion]
lsm6dso_reg.c(4344,20): warning :      reg.inact_en = (uint8_t)val;
lsm6dso_reg.c(4344,20): warning :                     ^
  In function 'lsm6dso_act_sleep_dur_set':
lsm6dso_reg.c(4398,21): warning : conversion from 'uint8_t' {aka 'unsigned char'} to 'unsigned char:4' may change value [-Wconversion]
lsm6dso_reg.c(4398,21): warning :      reg.sleep_dur = val;
lsm6dso_reg.c(4398,21): warning :                      ^~~
  In function 'lsm6dso_tap_detection_on_z_set':
lsm6dso_reg.c(4450,20): warning : conversion from 'uint8_t' {aka 'unsigned char'} to 'unsigned char:1' may change value [-Wconversion]
lsm6dso_reg.c(4450,20): warning :      reg.tap_z_en = val;
lsm6dso_reg.c(4450,20): warning :                     ^~~
  In function 'lsm6dso_tap_detection_on_y_set':
lsm6dso_reg.c(4488,20): warning : conversion from 'uint8_t' {aka 'unsigned char'} to 'unsigned char:1' may change value [-Wconversion]
lsm6dso_reg.c(4488,20): warning :      reg.tap_y_en = val;
lsm6dso_reg.c(4488,20): warning :                     ^~~
  In function 'lsm6dso_tap_detection_on_x_set':
lsm6dso_reg.c(4526,20): warning : conversion from 'uint8_t' {aka 'unsigned char'} to 'unsigned char:1' may change value [-Wconversion]
lsm6dso_reg.c(4526,20): warning :      reg.tap_x_en = val;
lsm6dso_reg.c(4526,20): warning :                     ^~~
  In function 'lsm6dso_tap_threshold_x_set':
lsm6dso_reg.c(4564,21): warning : conversion from 'uint8_t' {aka 'unsigned char'} to 'unsigned char:5' may change value [-Wconversion]
lsm6dso_reg.c(4564,21): warning :      reg.tap_ths_x = val;
lsm6dso_reg.c(4564,21): warning :                      ^~~
  In function 'lsm6dso_tap_axis_priority_set':
lsm6dso_reg.c(4604,24): warning : conversion from 'unsigned char' to 'unsigned char:3' may change value [-Wconversion]
lsm6dso_reg.c(4604,24): warning :      reg.tap_priority = (uint8_t)val;
lsm6dso_reg.c(4604,24): warning :                         ^
  In function 'lsm6dso_tap_threshold_y_set':
lsm6dso_reg.c(4665,21): warning : conversion from 'uint8_t' {aka 'unsigned char'} to 'unsigned char:5' may change value [-Wconversion]
lsm6dso_reg.c(4665,21): warning :      reg.tap_ths_y = val;
lsm6dso_reg.c(4665,21): warning :                      ^~~
  In function 'lsm6dso_tap_threshold_z_set':
lsm6dso_reg.c(4703,21): warning : conversion from 'uint8_t' {aka 'unsigned char'} to 'unsigned char:5' may change value [-Wconversion]
lsm6dso_reg.c(4703,21): warning :      reg.tap_ths_z = val;
lsm6dso_reg.c(4703,21): warning :                      ^~~
  In function 'lsm6dso_tap_shock_set':
lsm6dso_reg.c(4746,17): warning : conversion from 'uint8_t' {aka 'unsigned char'} to 'unsigned char:2' may change value [-Wconversion]
lsm6dso_reg.c(4746,17): warning :      reg.shock = val;
lsm6dso_reg.c(4746,17): warning :                  ^~~
  In function 'lsm6dso_tap_quiet_set':
lsm6dso_reg.c(4795,17): warning : conversion from 'uint8_t' {aka 'unsigned char'} to 'unsigned char:2' may change value [-Wconversion]
lsm6dso_reg.c(4795,17): warning :      reg.quiet = val;
lsm6dso_reg.c(4795,17): warning :                  ^~~
  In function 'lsm6dso_tap_dur_set':
lsm6dso_reg.c(4846,15): warning : conversion from 'uint8_t' {aka 'unsigned char'} to 'unsigned char:4' may change value [-Wconversion]
lsm6dso_reg.c(4846,15): warning :      reg.dur = val;
lsm6dso_reg.c(4846,15): warning :                ^~~
  In function 'lsm6dso_tap_mode_set':
lsm6dso_reg.c(4892,29): warning : conversion from 'unsigned char' to 'unsigned char:1' may change value [-Wconversion]
lsm6dso_reg.c(4892,29): warning :      reg.single_double_tap = (uint8_t)val;
lsm6dso_reg.c(4892,29): warning :                              ^
  In function 'lsm6dso_6d_threshold_set':
lsm6dso_reg.c(4955,20): warning : conversion from 'unsigned char' to 'unsigned char:2' may change value [-Wconversion]
lsm6dso_reg.c(4955,20): warning :      reg.sixd_ths = (uint8_t)val;
lsm6dso_reg.c(4955,20): warning :                     ^
  In function 'lsm6dso_4d_mode_set':
lsm6dso_reg.c(5008,18): warning : conversion from 'uint8_t' {aka 'unsigned char'} to 'unsigned char:1' may change value [-Wconversion]
lsm6dso_reg.c(5008,18): warning :      reg.d4d_en = val;
lsm6dso_reg.c(5008,18): warning :                   ^~~
  In function 'lsm6dso_ff_threshold_set':
lsm6dso_reg.c(5058,18): warning : conversion from 'unsigned char' to 'unsigned char:3' may change value [-Wconversion]
lsm6dso_reg.c(5058,18): warning :      reg.ff_ths = (uint8_t)val;
lsm6dso_reg.c(5058,18): warning :                   ^
  In function 'lsm6dso_ff_dur_get':
lsm6dso_reg.c(5156,12): warning : conversion from 'int' to 'uint8_t' {aka 'unsigned char'} may change value [-Wconversion]
lsm6dso_reg.c(5156,12): warning :      *val = (wake_up_dur.ff_dur << 5) + free_fall.ff_dur;
lsm6dso_reg.c(5156,12): warning :             ^
  In function 'lsm6dso_fifo_watermark_get':
lsm6dso_reg.c(5214,12): warning : conversion from 'int' to 'uint16_t' {aka 'short unsigned int'} may change value [-Wconversion]
lsm6dso_reg.c(5214,12): warning :      *val = ((uint16_t)fifo_ctrl2.wtm << 8) + (uint16_t)fifo_ctrl1.wtm;
lsm6dso_reg.c(5214,12): warning :             ^
  In function 'lsm6dso_compression_algo_init_set':
lsm6dso_reg.c(5237,27): warning : conversion from 'uint8_t' {aka 'unsigned char'} to 'unsigned char:1' may change value [-Wconversion]
lsm6dso_reg.c(5237,27): warning :      reg.fifo_compr_init = val;
lsm6dso_reg.c(5237,27): warning :                            ^~~
  In function 'lsm6dso_fifo_virtual_sens_odr_chg_set':
lsm6dso_reg.c(5368,21): warning : conversion from 'uint8_t' {aka 'unsigned char'} to 'unsigned char:1' may change value [-Wconversion]
lsm6dso_reg.c(5368,21): warning :      reg.odrchg_en = val;
lsm6dso_reg.c(5368,21): warning :                      ^~~
  In function 'lsm6dso_compression_algo_real_time_set':
lsm6dso_reg.c(5409,28): warning : conversion from 'uint8_t' {aka 'unsigned char'} to 'unsigned char:1' may change value [-Wconversion]
lsm6dso_reg.c(5409,28): warning :      reg.fifo_compr_rt_en = val;
lsm6dso_reg.c(5409,28): warning :                             ^~~
  In function 'lsm6dso_fifo_stop_on_wtm_set':
lsm6dso_reg.c(5449,23): warning : conversion from 'uint8_t' {aka 'unsigned char'} to 'unsigned char:1' may change value [-Wconversion]
lsm6dso_reg.c(5449,23): warning :      reg.stop_on_wtm = val;
lsm6dso_reg.c(5449,23): warning :                        ^~~
  In function 'lsm6dso_fifo_xl_batch_set':
lsm6dso_reg.c(5489,18): warning : conversion from 'unsigned char' to 'unsigned char:4' may change value [-Wconversion]
lsm6dso_reg.c(5489,18): warning :      reg.bdr_xl = (uint8_t)val;
lsm6dso_reg.c(5489,18): warning :                   ^
  In function 'lsm6dso_fifo_gy_batch_set':
lsm6dso_reg.c(5569,18): warning : conversion from 'unsigned char' to 'unsigned char:4' may change value [-Wconversion]
lsm6dso_reg.c(5569,18): warning :      reg.bdr_gy = (uint8_t)val;
lsm6dso_reg.c(5569,18): warning :                   ^
  In function 'lsm6dso_fifo_mode_set':
lsm6dso_reg.c(5647,21): warning : conversion from 'unsigned char' to 'unsigned char:3' may change value [-Wconversion]
lsm6dso_reg.c(5647,21): warning :      reg.fifo_mode = (uint8_t)val;
lsm6dso_reg.c(5647,21): warning :                      ^
  In function 'lsm6dso_fifo_temp_batch_set':
lsm6dso_reg.c(5709,23): warning : conversion from 'unsigned char' to 'unsigned char:2' may change value [-Wconversion]
lsm6dso_reg.c(5709,23): warning :      reg.odr_t_batch = (uint8_t)val;
lsm6dso_reg.c(5709,23): warning :                        ^
  
  In function 'lsm6dso_fifo_timestamp_decimation_set':
lsm6dso_reg.c(5768,24): warning : conversion from 'unsigned char' to 'unsigned char:2' may change value [-Wconversion]
lsm6dso_reg.c(5768,24): warning :      reg.odr_ts_batch = (uint8_t)val;
lsm6dso_reg.c(5768,24): warning :                         ^
  In function 'lsm6dso_fifo_cnt_event_batch_set':
lsm6dso_reg.c(5827,28): warning : conversion from 'unsigned char' to 'unsigned char:1' may change value [-Wconversion]
lsm6dso_reg.c(5827,28): warning :      reg.trig_counter_bdr = (uint8_t)val;
lsm6dso_reg.c(5827,28): warning :                             ^
  In function 'lsm6dso_rst_batch_counter_set':
build_options.h(23,2): warning : #warning "Building for IoT Hub Application" [-Wcpp]
build_options.h(23,2): warning :  #warning "Building for IoT Hub Application"
build_options.h(23,2): warning :   ^~~~~~~
  
  
build_options.h(23,2): warning : #warning "Building for IoT Hub Application" [-Wcpp]
build_options.h(23,2): warning :  #warning "Building for IoT Hub Application"
build_options.h(23,2): warning :   ^~~~~~~
  In function 'main':
lsm6dso_reg.c(5879,27): warning : conversion from 'uint8_t' {aka 'unsigned char'} to 'unsigned char:1' may change value [-Wconversion]
lsm6dso_reg.c(5879,27): warning :      reg.rst_counter_bdr = val;
lsm6dso_reg.c(5879,27): warning :                            ^~~
  In function 'lsm6dso_batch_counter_threshold_get':
lsm6dso_reg.c(5954,12): warning : conversion from 'int' to 'uint16_t' {aka 'short unsigned int'} may change value [-Wconversion]
lsm6dso_reg.c(5954,12): warning :      *val = ((uint16_t)counter_bdr_reg1.cnt_bdr_th << 8)
lsm6dso_reg.c(5954,12): warning :             ^
  In function 'lsm6dso_fifo_data_level_get':
lsm6dso_reg.c(5979,12): warning : conversion from 'int' to 'uint16_t' {aka 'short unsigned int'} may change value [-Wconversion]
lsm6dso_reg.c(5979,12): warning :      *val = ((uint16_t)fifo_status2.diff_fifo << 8) +
lsm6dso_reg.c(5979,12): warning :             ^
  In function 'lsm6dso_fifo_pedo_batch_set':
lsm6dso_reg.c(6159,24): warning : conversion from 'uint8_t' {aka 'unsigned char'} to 'unsigned char:1' may change value [-Wconversion]
lsm6dso_reg.c(6159,24): warning :      reg.pedo_fifo_en = val;
lsm6dso_reg.c(6159,24): warning :                         ^~~
  In function 'lsm6dso_sh_batch_slave_0_set':
lsm6dso_reg.c(6211,31): warning : conversion from 'uint8_t' {aka 'unsigned char'} to 'unsigned char:1' may change value [-Wconversion]
lsm6dso_reg.c(6211,31): warning :      reg.batch_ext_sens_0_en = val;
lsm6dso_reg.c(6211,31): warning :                                ^~~
  In function 'lsm6dso_sh_batch_slave_1_set':
lps22hh_reg.c(1803,22): warning : conversion from 'uint8_t' {aka 'unsigned char'} to 'unsigned char:1' may change value [-Wconversion]
lps22hh_reg.c(1803,22): warning :      reg.int_f_full = val;
lps22hh_reg.c(1803,22): warning :                       ^~~
lsm6dso_reg.c(6262,31): warning : conversion from 'uint8_t' {aka 'unsigned char'} to 'unsigned char:1' may change value [-Wconversion]
lsm6dso_reg.c(6262,31): warning :      reg.batch_ext_sens_1_en = val;
lsm6dso_reg.c(6262,31): warning :                                ^~~
  In function 'lsm6dso_sh_batch_slave_2_set':
build_options.h(23,2): warning : #warning "Building for IoT Hub Application" [-Wcpp]
build_options.h(23,2): warning :  #warning "Building for IoT Hub Application"
build_options.h(23,2): warning :   ^~~~~~~
main.c(427,2): warning : #warning "If you need to upodate the version string do so in main.c ~line 375!" [-Wcpp]
main.c(427,2): warning :  #warning "If you need to upodate the version string do so in main.c ~line 375!"
main.c(427,2): warning :   ^~~~~~~
lsm6dso_reg.c(6315,31): warning : conversion from 'uint8_t' {aka 'unsigned char'} to 'unsigned char:1' may change value [-Wconversion]
lsm6dso_reg.c(6315,31): warning :      reg.batch_ext_sens_2_en = val;
lsm6dso_reg.c(6315,31): warning :                                ^~~
  In function 'lsm6dso_sh_batch_slave_3_set':
lsm6dso_reg.c(6367,31): warning : conversion from 'uint8_t' {aka 'unsigned char'} to 'unsigned char:1' may change value [-Wconversion]
lsm6dso_reg.c(6367,31): warning :      reg.batch_ext_sens_3_en = val;
lsm6dso_reg.c(6367,31): warning :                                ^~~
  In function 'lsm6dso_den_mode_set':
lsm6dso_reg.c(6429,20): warning : conversion from 'unsigned char' to 'unsigned char:3' may change value [-Wconversion]
lsm6dso_reg.c(6429,20): warning :      reg.den_mode = (uint8_t)val;
lsm6dso_reg.c(6429,20): warning :                     ^
  In function 'lsm6dso_den_polarity_set':
lsm6dso_reg.c(6487,18): warning : conversion from 'unsigned char' to 'unsigned char:1' may change value [-Wconversion]
lsm6dso_reg.c(6487,18): warning :      reg.den_lh = (uint8_t)val;
lsm6dso_reg.c(6487,18): warning :                   ^
  In function 'lsm6dso_den_enable_set':
lsm6dso_reg.c(6536,20): warning : conversion from 'unsigned char' to 'unsigned char:2' may change value [-Wconversion]
lsm6dso_reg.c(6536,20): warning :      reg.den_xl_g = (uint8_t)val;
lsm6dso_reg.c(6536,20): warning :                     ^
  In function 'lsm6dso_den_mark_axis_x_set':
lsm6dso_reg.c(6588,17): warning : conversion from 'uint8_t' {aka 'unsigned char'} to 'unsigned char:1' may change value [-Wconversion]
lsm6dso_reg.c(6588,17): warning :      reg.den_z = val;
lsm6dso_reg.c(6588,17): warning :                  ^~~
  In function 'lsm6dso_den_mark_axis_y_set':
lsm6dso_reg.c(6627,17): warning : conversion from 'uint8_t' {aka 'unsigned char'} to 'unsigned char:1' may change value [-Wconversion]
lsm6dso_reg.c(6627,17): warning :      reg.den_y = val;
lsm6dso_reg.c(6627,17): warning :                  ^~~
  In function 'lsm6dso_den_mark_axis_z_set':
lsm6dso_reg.c(6666,17): warning : conversion from 'uint8_t' {aka 'unsigned char'} to 'unsigned char:1' may change value [-Wconversion]
lsm6dso_reg.c(6666,17): warning :      reg.den_x = val;
lsm6dso_reg.c(6666,17): warning :                  ^~~
  In function 'lsm6dso_pedo_int_mode_set':
lsm6dso_reg.c(6919,26): warning : conversion from 'unsigned char' to 'unsigned char:1' may change value [-Wconversion]
lsm6dso_reg.c(6919,26): warning :      reg.carry_count_en = (uint8_t)val;
lsm6dso_reg.c(6919,26): warning :                           ^
  In function 'lsm6dso_motion_sens_set':
lsm6dso_reg.c(6985,26): warning : conversion from 'uint8_t' {aka 'unsigned char'} to 'unsigned char:1' may change value [-Wconversion]
lsm6dso_reg.c(6985,26): warning :      reg.sign_motion_en = val;
lsm6dso_reg.c(6985,26): warning :                           ^~~
  In function 'lsm6dso_tilt_sens_set':
lsm6dso_reg.c(7071,19): warning : conversion from 'uint8_t' {aka 'unsigned char'} to 'unsigned char:1' may change value [-Wconversion]
lsm6dso_reg.c(7071,19): warning :      reg.tilt_en = val;
lsm6dso_reg.c(7071,19): warning :                    ^~~
  In function 'lsm6dso_mag_z_orient_set':
lsm6dso_reg.c(7431,22): warning : conversion from 'unsigned char' to 'unsigned char:3' may change value [-Wconversion]
lsm6dso_reg.c(7431,22): warning :      reg.mag_z_axis = (uint8_t) val;
lsm6dso_reg.c(7431,22): warning :                       ^
  In function 'lsm6dso_mag_y_orient_set':
lsm6dso_reg.c(7498,22): warning : conversion from 'unsigned char' to 'unsigned char:3' may change value [-Wconversion]
lsm6dso_reg.c(7498,22): warning :      reg.mag_y_axis = (uint8_t)val;
lsm6dso_reg.c(7498,22): warning :                       ^
  In function 'lsm6dso_mag_x_orient_set':
lsm6dso_reg.c(7565,22): warning : conversion from 'unsigned char' to 'unsigned char:3' may change value [-Wconversion]
lsm6dso_reg.c(7565,22): warning :      reg.mag_x_axis = (uint8_t)val;
lsm6dso_reg.c(7565,22): warning :                       ^
  In function 'lsm6dso_emb_fsm_en_set':
lsm6dso_reg.c(7668,18): warning : conversion from 'uint8_t' {aka 'unsigned char'} to 'unsigned char:1' may change value [-Wconversion]
lsm6dso_reg.c(7668,18): warning :      reg.fsm_en = val;
lsm6dso_reg.c(7668,18): warning :                   ^~~
  In function 'lsm6dso_long_clr_set':
lsm6dso_reg.c(7851,23): warning : conversion from 'unsigned char' to 'unsigned char:2' may change value [-Wconversion]
lsm6dso_reg.c(7851,23): warning :      reg. fsm_lc_clr = (uint8_t)val;
lsm6dso_reg.c(7851,23): warning :                        ^
  In function 'lsm6dso_fsm_data_rate_set':
lsm6dso_reg.c(7945,19): warning : conversion from 'unsigned char' to 'unsigned char:2' may change value [-Wconversion]
lsm6dso_reg.c(7945,19): warning :      reg.fsm_odr = (uint8_t)val;
lsm6dso_reg.c(7945,19): warning :                    ^
  In function 'lsm6dso_fsm_init_set':
lsm6dso_reg.c(8013,20): warning : conversion from 'uint8_t' {aka 'unsigned char'} to 'unsigned char:1' may change value [-Wconversion]
lsm6dso_reg.c(8013,20): warning :      reg.fsm_init = val;
lsm6dso_reg.c(8013,20): warning :                     ^~~
  In function 'lsm6dso_sh_slave_connected_set':
lsm6dso_reg.c(8249,23): warning : conversion from 'unsigned char' to 'unsigned char:2' may change value [-Wconversion]
lsm6dso_reg.c(8249,23): warning :      reg.aux_sens_on = (uint8_t)val;
lsm6dso_reg.c(8249,23): warning :                        ^
  In function 'lsm6dso_sh_master_set':
lsm6dso_reg.c(8316,21): warning : conversion from 'uint8_t' {aka 'unsigned char'} to 'unsigned char:1' may change value [-Wconversion]
lsm6dso_reg.c(8316,21): warning :      reg.master_on = val;
lsm6dso_reg.c(8316,21): warning :                      ^~~
  In function 'lsm6dso_sh_pin_mode_set':
lsm6dso_reg.c(8366,22): warning : conversion from 'unsigned char' to 'unsigned char:1' may change value [-Wconversion]
lsm6dso_reg.c(8366,22): warning :      reg.shub_pu_en = (uint8_t)val;
lsm6dso_reg.c(8366,22): warning :                       ^
  In function 'lsm6dso_sh_pass_through_set':
lsm6dso_reg.c(8429,29): warning : conversion from 'uint8_t' {aka 'unsigned char'} to 'unsigned char:1' may change value [-Wconversion]
lsm6dso_reg.c(8429,29): warning :      reg.pass_through_mode = val;
lsm6dso_reg.c(8429,29): warning :                              ^~~
  In function 'lsm6dso_sh_syncro_mode_set':
lsm6dso_reg.c(8482,24): warning : conversion from 'unsigned char' to 'unsigned char:1' may change value [-Wconversion]
lsm6dso_reg.c(8482,24): warning :      reg.start_config = (uint8_t)val;
lsm6dso_reg.c(8482,24): warning :                         ^
  In function 'lsm6dso_sh_write_mode_set':
lsm6dso_reg.c(8545,22): warning : conversion from 'unsigned char' to 'unsigned char:1' may change value [-Wconversion]
lsm6dso_reg.c(8545,22): warning :      reg.write_once = (uint8_t)val;
lsm6dso_reg.c(8545,22): warning :                       ^
  In function 'lsm6dso_sh_data_rate_set':
lsm6dso_reg.c(8661,20): warning : conversion from 'unsigned char' to 'unsigned char:2' may change value [-Wconversion]
lsm6dso_reg.c(8661,20): warning :      reg.shub_odr = (uint8_t)val;
lsm6dso_reg.c(8661,20): warning :                     ^
  In function 'lsm6dso_sh_cfg_write':
lsm6dso_reg.c(8729,18): warning : conversion from 'uint8_t' {aka 'unsigned char'} to 'unsigned char:7' may change value [-Wconversion]
lsm6dso_reg.c(8729,18): warning :      reg.slave0 = val->slv0_add;
lsm6dso_reg.c(8729,18): warning :                   ^~~
  In function 'lsm6dso_sh_slv0_cfg_read':
lsm6dso_reg.c(8766,23): warning : conversion from 'uint8_t' {aka 'unsigned char'} to 'unsigned char:7' may change value [-Wconversion]
lsm6dso_reg.c(8766,23): warning :      slv0_add.slave0 = val->slv_add;
lsm6dso_reg.c(8766,23): warning :                        ^~~
lsm6dso_reg.c(8779,32): warning : conversion from 'uint8_t' {aka 'unsigned char'} to 'unsigned char:3' may change value [-Wconversion]
lsm6dso_reg.c(8779,32): warning :      slv0_config.slave0_numop = val->slv_len;
lsm6dso_reg.c(8779,32): warning :                                 ^~~
  In function 'lsm6dso_sh_slv1_cfg_read':
lsm6dso_reg.c(8809,27): warning : conversion from 'uint8_t' {aka 'unsigned char'} to 'unsigned char:7' may change value [-Wconversion]
lsm6dso_reg.c(8809,27): warning :      slv1_add.slave1_add = val->slv_add;
lsm6dso_reg.c(8809,27): warning :                            ^~~
lsm6dso_reg.c(8822,32): warning : conversion from 'uint8_t' {aka 'unsigned char'} to 'unsigned char:3' may change value [-Wconversion]
lsm6dso_reg.c(8822,32): warning :      slv1_config.slave1_numop = val->slv_len;
lsm6dso_reg.c(8822,32): warning :                                 ^~~
  In function 'lsm6dso_sh_slv2_cfg_read':
lsm6dso_reg.c(8852,27): warning : conversion from 'uint8_t' {aka 'unsigned char'} to 'unsigned char:7' may change value [-Wconversion]
lsm6dso_reg.c(8852,27): warning :      slv2_add.slave2_add = val->slv_add;
lsm6dso_reg.c(8852,27): warning :                            ^~~
lsm6dso_reg.c(8865,32): warning : conversion from 'uint8_t' {aka 'unsigned char'} to 'unsigned char:3' may change value [-Wconversion]
lsm6dso_reg.c(8865,32): warning :      slv2_config.slave2_numop = val->slv_len;
lsm6dso_reg.c(8865,32): warning :                                 ^~~
  In function 'lsm6dso_sh_slv3_cfg_read':
lsm6dso_reg.c(8894,27): warning : conversion from 'uint8_t' {aka 'unsigned char'} to 'unsigned char:7' may change value [-Wconversion]
lsm6dso_reg.c(8894,27): warning :      slv3_add.slave3_add = val->slv_add;
lsm6dso_reg.c(8894,27): warning :                            ^~~
lsm6dso_reg.c(8907,32): warning : conversion from 'uint8_t' {aka 'unsigned char'} to 'unsigned char:3' may change value [-Wconversion]
lsm6dso_reg.c(8907,32): warning :      slv3_config.slave3_numop = val->slv_len;
lsm6dso_reg.c(8907,32): warning :                                 ^~~
  Azure Sphere Utility version 19.5.4.53731
  Copyright (C) Microsoft Corporation. All rights reserved.
   
  Start time (UTC): Friday, 27 September 2019 04:35:14 
  verbose: Creating image package. 
  verbose: Azure Sphere application image package written. 
  verbose: Appending metadata. 
  verbose: Wrote metadata:
    Section: Identity
      Image Type:           Application
      Component ID:         685f13af-25a5-40b2-8dd8-8cbc253ecbd8
      Image ID:             b8b70af0-b561-4caa-ae28-dd14356cf9b3
    Section: Signature
      Signing Type:         ECDsa256
      Cert:                 a8d5cc6958f48710140d7a26160fc1cfc31f5df0
    Section: Debug
      Image Name:           AvnetStarterKit-Hackster.io-V1.0
      Built On (UTC):       27/09/2019 04:35:14
      Built On (Local):     26/09/2019 23:35:14
    Section: Temporary Image
      Remove image at boot: False
      Under development:    True
    Section: ABI Depends
      Depends on:           ApplicationRuntime, version 2
   
  verbose: Packaging completed successfully. 
  verbose: Output file is at: D:\OneDrive\Documentos\GitHub\HealthSphere\HealthSphere\AvnetStarterKitReferenceDesign\bin\ARM\Debug\AvnetStarterKitReferenceDesign.imagepackage 
  Command completed successfully in 00:00:00.5097638. 
